<?xml version="1.0" encoding="UTF-8"?>
<!-- Generated by org.testng.reporters.JUnitReportReporter -->
<testsuite hostname="Dharshu2528971" failures="0" tests="5" name="com.example.demo.Automation" time="12.826" errors="0" timestamp="2022-10-21T02:31:18 IST" skipped="0">
  <testcase classname="com.example.demo.Automation" name="CarRegistration" time="0.687"/>
  <system-out/>
  <testcase classname="com.example.demo.Automation" name="AdminLogin" time="1.826"/>
  <system-out/>
  <testcase classname="com.example.demo.Automation" name="UserRegistration" time="9.599"/>
  <system-out/>
  <testcase classname="com.example.demo.Automation" name="AdminRegister" time="0.421"/>
  <system-out/>
  <testcase classname="com.example.demo.Automation" name="UserLogin" time="0.293"/>
  <system-out/>
</testsuite> <!-- com.example.demo.Automation -->
